#
# A fatal error has been detected by the Java Runtime Environment:
#
#  SIGSEGV (0xb) at pc=0x000000010b84b658, pid=56709, tid=16899
#
# JRE version: Java(TM) SE Runtime Environment (7.0_79-b15) (build 1.7.0_79-b15)
# Java VM: Java HotSpot(TM) 64-Bit Server VM (24.79-b02 mixed mode bsd-amd64 compressed oops)
# Problematic frame:
# V  [libjvm.dylib+0x24b658]  frame::sender(RegisterMap*) const+0x78
#
# Failed to write core dump. Core dumps have been disabled. To enable core dumping, try "ulimit -c unlimited" before starting Java again
#
# If you would like to submit a bug report, please visit:
#   http://bugreport.java.com/bugreport/crash.jsp
#

---------------  T H R E A D  ---------------

Current thread (0x00007f8a34006000):  JavaThread "JDWP Transport Listener: dt_socket" daemon [_thread_in_vm, id=16899, stack(0x000070000f44f000,0x000070000f54f000)]

siginfo:si_signo=SIGSEGV: si_errno=0, si_code=0 (SEGV0), si_addr=0x0000000000000000

Registers:
RAX=0xac04050099000cb7, RBX=0x000070000f54dcd0, RCX=0x9a0001001cb90519, RDX=0x000000010c0ed360
RSP=0x000070000f54dc40, RBP=0x000070000f54dc60, RSI=0x00007f8a34566a18, RDI=0x00007f8a34566a18
R8 =0x00007f8a34566aa8, R9 =0x000070000f54dd60, R10=0x000070000eb4c270, R11=0xfffff075dafe72b8
R12=0x000070000f54dcd0, R13=0x00007f8a34006000, R14=0x000070000f54dd00, R15=0x00007f8a34566a18
RIP=0x000000010b84b658, EFLAGS=0x0000000000010246, ERR=0x0000000000000000
  TRAPNO=0x000000000000000d

Top of Stack: (sp=0x000070000f54dc40)
0x000070000f54dc40:   000070000f54dd00 00007f8a3370df60
0x000070000f54dc50:   000070000f54dcd0 000070000f54e2f0
0x000070000f54dc60:   000070000f54dcc0 000000010b849f42
0x000070000f54dc70:   000070000f54dcb0 000000010b84b470
0x000070000f54dc80:   000070000f54dd18 000070000f54dd50
0x000070000f54dc90:   000070000f54dd50 00007f8a34566410
0x000070000f54dca0:   00007f8a3370df60 00007f8a34566a10
0x000070000f54dcb0:   0000000000000026 000070000f54e2f0
0x000070000f54dcc0:   000070000f54e2c0 000000010bb26c34
0x000070000f54dcd0:   000000077b2ab806 9a0001001cb90519
0x000070000f54dce0:   0000000000000000 0000000100000000
0x000070000f54dcf0:   ac04050099000cb7 000000077b2ab806
0x000070000f54dd00:   0000000000000000 0000000000000000
0x000070000f54dd10:   0000000000000000 0000000000000000
0x000070000f54dd20:   0000000000000000 0000000000000000
0x000070000f54dd30:   0000000000000000 0000000000000000
0x000070000f54dd40:   0000000000000000 0000000000000000
0x000070000f54dd50:   000070000eb4c270 000070000eb4c270
0x000070000f54dd60:   0000000000000000 0000000000000000
0x000070000f54dd70:   0000000000000000 0000000000000000
0x000070000f54dd80:   0000000000000000 0000000000000000
0x000070000f54dd90:   0000000000000000 0000000000000000
0x000070000f54dda0:   0000000000000000 0000000000000000
0x000070000f54ddb0:   0000000000000000 0000000000000000
0x000070000f54ddc0:   0000000000000000 0000000000000000
0x000070000f54ddd0:   0000000000000000 0000000000000000
0x000070000f54dde0:   0000000000000000 0000000000000000
0x000070000f54ddf0:   0000000000000000 0000000000000000
0x000070000f54de00:   0000000000000000 0000000000000000
0x000070000f54de10:   0000000000000000 0000000000000000
0x000070000f54de20:   0000000000000000 0000000000000000
0x000070000f54de30:   0000000000000000 0000000000000000 

Instructions: (pc=0x000000010b84b658)
0x000000010b84b638:   fd ff ff eb 71 49 83 7f 10 00 74 10 4c 89 e7 4c
0x000000010b84b648:   89 fe 4c 89 f2 e8 ca fc ff ff eb 5a 49 8b 47 20
0x000000010b84b658:   48 8b 08 48 8b 78 08 48 83 c0 10 49 89 04 24 49
0x000000010b84b668:   89 44 24 28 49 89 4c 24 20 49 89 7c 24 08 e8 7f 

Register to memory mapping:

RAX=0xac04050099000cb7 is an unknown value
RBX=0x000070000f54dcd0 is pointing into the stack for thread: 0x00007f8a34006000
RCX=0x9a0001001cb90519 is an unknown value
RDX=0x000000010c0ed360 is an unknown value
RSP=0x000070000f54dc40 is pointing into the stack for thread: 0x00007f8a34006000
RBP=0x000070000f54dc60 is pointing into the stack for thread: 0x00007f8a34006000
RSI=0x00007f8a34566a18 is an unknown value
RDI=0x00007f8a34566a18 is an unknown value
R8 =0x00007f8a34566aa8 is an unknown value
R9 =0x000070000f54dd60 is pointing into the stack for thread: 0x00007f8a34006000
R10=0x000070000eb4c270 is pointing into the stack for thread: 0x00007f8a34806000
R11=0xfffff075dafe72b8 is an unknown value
R12=0x000070000f54dcd0 is pointing into the stack for thread: 0x00007f8a34006000
R13=0x00007f8a34006000 is a thread
R14=0x000070000f54dd00 is pointing into the stack for thread: 0x00007f8a34006000
R15=0x00007f8a34566a18 is an unknown value


Stack: [0x000070000f44f000,0x000070000f54f000],  sp=0x000070000f54dc40,  free space=1019k
Native frames: (J=compiled Java code, j=interpreted, Vv=VM code, C=native code)
V  [libjvm.dylib+0x24b658]  frame::sender(RegisterMap*) const+0x78
V  [libjvm.dylib+0x249f42]  frame::real_sender(RegisterMap*) const+0x1e
V  [libjvm.dylib+0x526c34]  vframe::sender() const+0x58
V  [libjvm.dylib+0x526637]  vframe::java_sender() const+0x2d
V  [libjvm.dylib+0x36ba48]  JvmtiEnvBase::vframeFor(JavaThread*, int)+0x5c
V  [libjvm.dylib+0x36bdeb]  JvmtiEnvBase::get_frame_location(JavaThread*, int, _jmethodID**, long long*)+0x6f
V  [libjvm.dylib+0x3679a2]  JvmtiEnv::GetFrameLocation(JavaThread*, int, _jmethodID**, long long*)+0x50
V  [libjvm.dylib+0x33d452]  jvmti_GetFrameLocation+0x149
C  [libjdwp.dylib+0x87f6]  frames+0x1f5
C  [libjdwp.dylib+0xe642]  debugLoop_run+0x1ce
C  [libjdwp.dylib+0x1f0e2]  attachThread+0x4d
V  [libjvm.dylib+0x37945a]  JvmtiAgentThread::call_start_function()+0x38
V  [libjvm.dylib+0x4f759d]  JavaThread::thread_main_inner()+0x9b
V  [libjvm.dylib+0x4f8ca5]  JavaThread::run()+0x1a3
V  [libjvm.dylib+0x421c4e]  java_start(Thread*)+0x126
C  [libsystem_pthread.dylib+0x3aab]  _pthread_body+0xb4
C  [libsystem_pthread.dylib+0x39f7]  _pthread_body+0x0
C  [libsystem_pthread.dylib+0x31fd]  thread_start+0xd


---------------  P R O C E S S  ---------------

Java Threads: ( => current thread )
  0x00007f8a3488a000 JavaThread "SIGTERM handler" daemon [_thread_blocked, id=17927, stack(0x000070000e9ab000,0x000070000eaab000)]
  0x00007f8a34828800 JavaThread "Service Thread" daemon [_thread_blocked, id=19459, stack(0x000070000f95e000,0x000070000fa5e000)]
  0x00007f8a34827800 JavaThread "C2 CompilerThread1" daemon [_thread_blocked, id=18947, stack(0x000070000f85b000,0x000070000f95b000)]
  0x00007f8a34820000 JavaThread "C2 CompilerThread0" daemon [_thread_blocked, id=18435, stack(0x000070000f758000,0x000070000f858000)]
  0x00007f8a3481f000 JavaThread "JDWP Event Helper Thread" daemon [_thread_blocked, id=17411, stack(0x000070000f552000,0x000070000f652000)]
=>0x00007f8a34006000 JavaThread "JDWP Transport Listener: dt_socket" daemon [_thread_in_vm, id=16899, stack(0x000070000f44f000,0x000070000f54f000)]
  0x00007f8a3504c800 JavaThread "Signal Dispatcher" daemon [_thread_blocked, id=16387, stack(0x000070000f34c000,0x000070000f44c000)]
  0x00007f8a34813000 JavaThread "Finalizer" daemon [_thread_blocked, id=12547, stack(0x000070000f249000,0x000070000f349000)]
  0x00007f8a34812800 JavaThread "Reference Handler" daemon [_thread_blocked, id=12035, stack(0x000070000f146000,0x000070000f246000)]
  0x00007f8a34806000 JavaThread "main" [_thread_blocked, id=7171, stack(0x000070000eb34000,0x000070000ec34000)]

Other Threads:
  0x00007f8a35040000 VMThread [stack: 0x000070000f043000,0x000070000f143000] [id=11523]

VM state:synchronizing (normal execution)

VM Mutex/Monitor currently owned by a thread:  ([mutex/lock_event])
[0x00007f8a33402b10] Threads_lock - owner thread: 0x00007f8a35040000

Heap
 PSYoungGen      total 38912K, used 13653K [0x00000007d5500000, 0x00000007d8000000, 0x0000000800000000)
  eden space 33792K, 40% used [0x00000007d5500000,0x00000007d62556f8,0x00000007d7600000)
  from space 5120K, 0% used [0x00000007d7b00000,0x00000007d7b00000,0x00000007d8000000)
  to   space 5120K, 0% used [0x00000007d7600000,0x00000007d7600000,0x00000007d7b00000)
 ParOldGen       total 87040K, used 0K [0x0000000780000000, 0x0000000785500000, 0x00000007d5500000)
  object space 87040K, 0% used [0x0000000780000000,0x0000000780000000,0x0000000785500000)
 PSPermGen       total 21504K, used 4814K [0x000000077ae00000, 0x000000077c300000, 0x0000000780000000)
  object space 21504K, 22% used [0x000000077ae00000,0x000000077b2b3ac8,0x000000077c300000)

Card table byte_map: [0x000000010f176000,0x000000010f5a0000] byte_map_base: 0x000000010b59f000

Polling page: 0x000000010adff000

Code Cache  [0x000000010c0b6000, 0x000000010c326000, 0x000000010f0b6000)
 total_blobs=285 nmethods=69 adapters=178 free_code_cache=48596Kb largest_free_block=49719616

Compilation events (10 events):
Event: 2.627 Thread 0x00007f8a34827800   65             org.jbpt.hypergraph.abs.GObject::hashCode (8 bytes)
Event: 2.630 Thread 0x00007f8a34827800 nmethod 65 0x000000010c13a490 code [0x000000010c13a5e0, 0x000000010c13a7d8]
Event: 3.477 Thread 0x00007f8a34820000   66             java.util.ArrayList::iterator (10 bytes)
Event: 3.477 Thread 0x00007f8a34827800   67             java.util.ArrayList$Itr::<init> (6 bytes)
Event: 3.478 Thread 0x00007f8a34827800 nmethod 67 0x000000010c135c10 code [0x000000010c135d60, 0x000000010c135e58]
Event: 3.478 Thread 0x00007f8a34827800   68             java.util.ArrayList$Itr::<init> (26 bytes)
Event: 3.478 Thread 0x00007f8a34820000 nmethod 66 0x000000010c13a190 code [0x000000010c13a2e0, 0x000000010c13a3b8]
Event: 3.478 Thread 0x00007f8a34827800 nmethod 68 0x000000010c139ed0 code [0x000000010c13a020, 0x000000010c13a0f8]
Event: 3.673 Thread 0x00007f8a34820000   69             java.util.HashMap::get (29 bytes)
Event: 3.677 Thread 0x00007f8a34820000 nmethod 69 0x000000010c139850 code [0x000000010c1399c0, 0x000000010c139c28]

GC Heap History (0 events):
No events

Deoptimization events (0 events):
No events

Internal exceptions (10 events):
Event: 0.452 Thread 0x00007f8a34806000 Threw 0x00000007d586b818 at /HUDSON/workspace/7u-2-build-macosx-x86_64/jdk7u79/2331/hotspot/src/share/vm/prims/jvm.cpp:1304
Event: 0.454 Thread 0x00007f8a34806000 Threw 0x00000007d5872578 at /HUDSON/workspace/7u-2-build-macosx-x86_64/jdk7u79/2331/hotspot/src/share/vm/prims/jvm.cpp:1304
Event: 0.458 Thread 0x00007f8a34806000 Threw 0x00000007d5880ab0 at /HUDSON/workspace/7u-2-build-macosx-x86_64/jdk7u79/2331/hotspot/src/share/vm/prims/jvm.cpp:1304
Event: 0.458 Thread 0x00007f8a34806000 Threw 0x00000007d58822c8 at /HUDSON/workspace/7u-2-build-macosx-x86_64/jdk7u79/2331/hotspot/src/share/vm/prims/jvm.cpp:1304
Event: 0.459 Thread 0x00007f8a34806000 Threw 0x00000007d5883890 at /HUDSON/workspace/7u-2-build-macosx-x86_64/jdk7u79/2331/hotspot/src/share/vm/prims/jvm.cpp:1304
Event: 0.459 Thread 0x00007f8a34806000 Threw 0x00000007d5885ab8 at /HUDSON/workspace/7u-2-build-macosx-x86_64/jdk7u79/2331/hotspot/src/share/vm/prims/jvm.cpp:1304
Event: 0.825 Thread 0x00007f8a34806000 Threw 0x00000007d5f6a348 at /HUDSON/workspace/7u-2-build-macosx-x86_64/jdk7u79/2331/hotspot/src/share/vm/prims/jvm.cpp:1304
Event: 0.826 Thread 0x00007f8a34806000 Threw 0x00000007d5f6cdb0 at /HUDSON/workspace/7u-2-build-macosx-x86_64/jdk7u79/2331/hotspot/src/share/vm/prims/jvm.cpp:1304
Event: 0.847 Thread 0x00007f8a34806000 Threw 0x00000007d5f73748 at /HUDSON/workspace/7u-2-build-macosx-x86_64/jdk7u79/2331/hotspot/src/share/vm/prims/jvm.cpp:1304
Event: 3.683 Thread 0x00007f8a34806000 Threw 0x00000007d5ff9b60 at /HUDSON/workspace/7u-2-build-macosx-x86_64/jdk7u79/2331/hotspot/src/share/vm/interpreter/interpreterRuntime.cpp:304

Events (10 events):
Event: 55.121 loading class 0x00007f8a338587a0 done
Event: 55.122 loading class 0x00007f8a340a7b20
Event: 55.122 loading class 0x00007f8a340a7b50
Event: 55.122 loading class 0x00007f8a340a7b50 done
Event: 55.122 loading class 0x00007f8a340a7b20 done
Event: 55.122 Thread 0x00007f8a35897000 Thread added: 0x00007f8a35897000
Event: 55.122 Executing VM operation: EnterInterpOnlyMode
Event: 55.123 Executing VM operation: EnterInterpOnlyMode done
Event: 55.130 Thread 0x00007f8a35897000 Thread exited: 0x00007f8a35897000
Event: 55.130 Executing VM operation: Exit


Dynamic libraries:
0x000000005f3e0000 	/System/Library/Frameworks/Cocoa.framework/Versions/A/Cocoa
0x000000005f3e0000 	/System/Library/Frameworks/Security.framework/Versions/A/Security
0x000000005f3e0000 	/System/Library/Frameworks/ApplicationServices.framework/Versions/A/ApplicationServices
0x000000005f3e0000 	/usr/lib/libz.1.dylib
0x000000005f3e0000 	/usr/lib/libSystem.B.dylib
0x000000005f3e0000 	/usr/lib/libobjc.A.dylib
0x000000005f3e0000 	/System/Library/Frameworks/CoreFoundation.framework/Versions/A/CoreFoundation
0x000000005f3e0000 	/System/Library/Frameworks/Foundation.framework/Versions/C/Foundation
0x000000005f3e0000 	/System/Library/Frameworks/AppKit.framework/Versions/C/AppKit
0x000000005f3e0000 	/System/Library/Frameworks/CoreData.framework/Versions/A/CoreData
0x000000005f3e0000 	/System/Library/PrivateFrameworks/RemoteViewServices.framework/Versions/A/RemoteViewServices
0x000000005f3e0000 	/System/Library/PrivateFrameworks/UIFoundation.framework/Versions/A/UIFoundation
0x000000005f3e0000 	/System/Library/PrivateFrameworks/DFRFoundation.framework/Versions/A/DFRFoundation
0x000000005f3e0000 	/usr/lib/libenergytrace.dylib
0x000000005f3e0000 	/System/Library/PrivateFrameworks/SkyLight.framework/Versions/A/SkyLight
0x000000005f3e0000 	/System/Library/Frameworks/CoreGraphics.framework/Versions/A/CoreGraphics
0x000000005f3e0000 	/usr/lib/libScreenReader.dylib
0x000000005f3e0000 	/System/Library/Frameworks/Accelerate.framework/Versions/A/Accelerate
0x000000005f3e0000 	/System/Library/Frameworks/IOSurface.framework/Versions/A/IOSurface
0x000000005f3e0000 	/System/Library/Frameworks/AudioToolbox.framework/Versions/A/AudioToolbox
0x000000005f3e0000 	/System/Library/Frameworks/AudioUnit.framework/Versions/A/AudioUnit
0x000000005f3e0000 	/System/Library/PrivateFrameworks/DataDetectorsCore.framework/Versions/A/DataDetectorsCore
0x000000005f3e0000 	/System/Library/PrivateFrameworks/DesktopServicesPriv.framework/Versions/A/DesktopServicesPriv
0x000000005f3e0000 	/System/Library/Frameworks/Carbon.framework/Versions/A/Frameworks/HIToolbox.framework/Versions/A/HIToolbox
0x000000005f3e0000 	/usr/lib/libicucore.A.dylib
0x000000005f3e0000 	/System/Library/Frameworks/QuartzCore.framework/Versions/A/QuartzCore
0x000000005f3e0000 	/System/Library/Frameworks/Carbon.framework/Versions/A/Frameworks/SpeechRecognition.framework/Versions/A/SpeechRecognition
0x000000005f3e0000 	/usr/lib/libauto.dylib
0x000000005f3e0000 	/usr/lib/libxml2.2.dylib
0x000000005f3e0000 	/System/Library/PrivateFrameworks/CoreUI.framework/Versions/A/CoreUI
0x000000005f3e0000 	/System/Library/Frameworks/CoreAudio.framework/Versions/A/CoreAudio
0x000000005f3e0000 	/System/Library/Frameworks/DiskArbitration.framework/Versions/A/DiskArbitration
0x000000005f3e0000 	/usr/lib/liblangid.dylib
0x000000005f3e0000 	/System/Library/PrivateFrameworks/MultitouchSupport.framework/Versions/A/MultitouchSupport
0x000000005f3e0000 	/System/Library/Frameworks/IOKit.framework/Versions/A/IOKit
0x000000005f3e0000 	/usr/lib/libDiagnosticMessagesClient.dylib
0x000000005f3e0000 	/System/Library/Frameworks/CoreServices.framework/Versions/A/CoreServices
0x000000005f3e0000 	/System/Library/PrivateFrameworks/PerformanceAnalysis.framework/Versions/A/PerformanceAnalysis
0x000000005f3e0000 	/System/Library/PrivateFrameworks/GenerationalStorage.framework/Versions/A/GenerationalStorage
0x000000005f3e0000 	/System/Library/Frameworks/OpenGL.framework/Versions/A/OpenGL
0x000000005f3e0000 	/System/Library/Frameworks/CoreImage.framework/Versions/A/CoreImage
0x000000005f3e0000 	/System/Library/Frameworks/CoreText.framework/Versions/A/CoreText
0x000000005f3e0000 	/System/Library/Frameworks/ImageIO.framework/Versions/A/ImageIO
0x000000005f3e0000 	/System/Library/PrivateFrameworks/Backup.framework/Versions/A/Backup
0x000000005f3e0000 	/usr/lib/libarchive.2.dylib
0x000000005f3e0000 	/System/Library/Frameworks/CFNetwork.framework/Versions/A/CFNetwork
0x000000005f3e0000 	/System/Library/Frameworks/SystemConfiguration.framework/Versions/A/SystemConfiguration
0x000000005f3e0000 	/usr/lib/libCRFSuite.dylib
0x000000005f3e0000 	/usr/lib/libc++.1.dylib
0x000000005f3e0000 	/usr/lib/libc++abi.dylib
0x000000005f3e0000 	/usr/lib/system/libcache.dylib
0x000000005f3e0000 	/usr/lib/system/libcommonCrypto.dylib
0x000000005f3e0000 	/usr/lib/system/libcompiler_rt.dylib
0x000000005f3e0000 	/usr/lib/system/libcopyfile.dylib
0x000000005f3e0000 	/usr/lib/system/libcorecrypto.dylib
0x000000005f3e0000 	/usr/lib/system/libdispatch.dylib
0x000000005f3e0000 	/usr/lib/system/libdyld.dylib
0x000000005f3e0000 	/usr/lib/system/libkeymgr.dylib
0x000000005f3e0000 	/usr/lib/system/liblaunch.dylib
0x000000005f3e0000 	/usr/lib/system/libmacho.dylib
0x000000005f3e0000 	/usr/lib/system/libquarantine.dylib
0x000000005f3e0000 	/usr/lib/system/libremovefile.dylib
0x000000005f3e0000 	/usr/lib/system/libsystem_asl.dylib
0x000000005f3e0000 	/usr/lib/system/libsystem_blocks.dylib
0x000000005f3e0000 	/usr/lib/system/libsystem_c.dylib
0x000000005f3e0000 	/usr/lib/system/libsystem_configuration.dylib
0x000000005f3e0000 	/usr/lib/system/libsystem_coreservices.dylib
0x000000005f3e0000 	/usr/lib/system/libsystem_coretls.dylib
0x000000005f3e0000 	/usr/lib/system/libsystem_dnssd.dylib
0x000000005f3e0000 	/usr/lib/system/libsystem_info.dylib
0x000000005f3e0000 	/usr/lib/system/libsystem_kernel.dylib
0x000000005f3e0000 	/usr/lib/system/libsystem_m.dylib
0x000000005f3e0000 	/usr/lib/system/libsystem_malloc.dylib
0x000000005f3e0000 	/usr/lib/system/libsystem_network.dylib
0x000000005f3e0000 	/usr/lib/system/libsystem_networkextension.dylib
0x000000005f3e0000 	/usr/lib/system/libsystem_notify.dylib
0x000000005f3e0000 	/usr/lib/system/libsystem_platform.dylib
0x000000005f3e0000 	/usr/lib/system/libsystem_pthread.dylib
0x000000005f3e0000 	/usr/lib/system/libsystem_sandbox.dylib
0x000000005f3e0000 	/usr/lib/system/libsystem_secinit.dylib
0x000000005f3e0000 	/usr/lib/system/libsystem_symptoms.dylib
0x000000005f3e0000 	/usr/lib/system/libsystem_trace.dylib
0x000000005f3e0000 	/usr/lib/system/libunwind.dylib
0x000000005f3e0000 	/usr/lib/system/libxpc.dylib
0x000000005f3e0000 	/usr/lib/libbsm.0.dylib
0x000000005f3e0000 	/usr/lib/system/libkxld.dylib
0x000000005f3e0000 	/usr/lib/libcoretls.dylib
0x000000005f3e0000 	/usr/lib/libcoretls_cfhelpers.dylib
0x000000005f3e0000 	/usr/lib/libxar.1.dylib
0x000000005f3e0000 	/usr/lib/libsqlite3.dylib
0x000000005f3e0000 	/usr/lib/libpam.2.dylib
0x000000005f3e0000 	/usr/lib/libOpenScriptingUtil.dylib
0x000000005f3e0000 	/usr/lib/libbz2.1.0.dylib
0x000000005f3e0000 	/usr/lib/liblzma.5.dylib
0x000000005f3e0000 	/usr/lib/libnetwork.dylib
0x000000005f3e0000 	/usr/lib/libpcap.A.dylib
0x000000005f3e0000 	/System/Library/Frameworks/CoreServices.framework/Versions/A/Frameworks/FSEvents.framework/Versions/A/FSEvents
0x000000005f3e0000 	/System/Library/Frameworks/CoreServices.framework/Versions/A/Frameworks/CarbonCore.framework/Versions/A/CarbonCore
0x000000005f3e0000 	/System/Library/Frameworks/CoreServices.framework/Versions/A/Frameworks/Metadata.framework/Versions/A/Metadata
0x000000005f3e0000 	/System/Library/Frameworks/CoreServices.framework/Versions/A/Frameworks/OSServices.framework/Versions/A/OSServices
0x000000005f3e0000 	/System/Library/Frameworks/CoreServices.framework/Versions/A/Frameworks/SearchKit.framework/Versions/A/SearchKit
0x000000005f3e0000 	/System/Library/Frameworks/CoreServices.framework/Versions/A/Frameworks/AE.framework/Versions/A/AE
0x000000005f3e0000 	/System/Library/Frameworks/CoreServices.framework/Versions/A/Frameworks/LaunchServices.framework/Versions/A/LaunchServices
0x000000005f3e0000 	/System/Library/Frameworks/CoreServices.framework/Versions/A/Frameworks/DictionaryServices.framework/Versions/A/DictionaryServices
0x000000005f3e0000 	/System/Library/Frameworks/CoreServices.framework/Versions/A/Frameworks/SharedFileList.framework/Versions/A/SharedFileList
0x000000005f3e0000 	/System/Library/Frameworks/NetFS.framework/Versions/A/NetFS
0x000000005f3e0000 	/System/Library/PrivateFrameworks/NetAuth.framework/Versions/A/NetAuth
0x000000005f3e0000 	/System/Library/PrivateFrameworks/login.framework/Versions/A/Frameworks/loginsupport.framework/Versions/A/loginsupport
0x000000005f3e0000 	/System/Library/PrivateFrameworks/TCC.framework/Versions/A/TCC
0x000000005f3e0000 	/usr/lib/libmecabra.dylib
0x000000005f3e0000 	/System/Library/Frameworks/ApplicationServices.framework/Versions/A/Frameworks/ATS.framework/Versions/A/ATS
0x000000005f3e0000 	/System/Library/Frameworks/ApplicationServices.framework/Versions/A/Frameworks/ColorSync.framework/Versions/A/ColorSync
0x000000005f3e0000 	/System/Library/Frameworks/ApplicationServices.framework/Versions/A/Frameworks/HIServices.framework/Versions/A/HIServices
0x000000005f3e0000 	/System/Library/Frameworks/ApplicationServices.framework/Versions/A/Frameworks/LangAnalysis.framework/Versions/A/LangAnalysis
0x000000005f3e0000 	/System/Library/Frameworks/ApplicationServices.framework/Versions/A/Frameworks/PrintCore.framework/Versions/A/PrintCore
0x000000005f3e0000 	/System/Library/Frameworks/ApplicationServices.framework/Versions/A/Frameworks/QD.framework/Versions/A/QD
0x000000005f3e0000 	/System/Library/Frameworks/ApplicationServices.framework/Versions/A/Frameworks/SpeechSynthesis.framework/Versions/A/SpeechSynthesis
0x000000005f3e0000 	/System/Library/Frameworks/Accelerate.framework/Versions/A/Frameworks/vImage.framework/Versions/A/vImage
0x000000005f3e0000 	/System/Library/Frameworks/Accelerate.framework/Versions/A/Frameworks/vecLib.framework/Versions/A/vecLib
0x000000005f3e0000 	/System/Library/Frameworks/Accelerate.framework/Versions/A/Frameworks/vecLib.framework/Versions/A/libvDSP.dylib
0x000000005f3e0000 	/System/Library/Frameworks/Accelerate.framework/Versions/A/Frameworks/vecLib.framework/Versions/A/libBNNS.dylib
0x000000005f3e0000 	/System/Library/Frameworks/Accelerate.framework/Versions/A/Frameworks/vecLib.framework/Versions/A/libQuadrature.dylib
0x000000005f3e0000 	/System/Library/Frameworks/Accelerate.framework/Versions/A/Frameworks/vecLib.framework/Versions/A/libvMisc.dylib
0x000000005f3e0000 	/System/Library/Frameworks/Accelerate.framework/Versions/A/Frameworks/vecLib.framework/Versions/A/libLAPACK.dylib
0x000000005f3e0000 	/System/Library/Frameworks/Accelerate.framework/Versions/A/Frameworks/vecLib.framework/Versions/A/libBLAS.dylib
0x000000005f3e0000 	/System/Library/Frameworks/Accelerate.framework/Versions/A/Frameworks/vecLib.framework/Versions/A/libLinearAlgebra.dylib
0x000000005f3e0000 	/System/Library/Frameworks/Accelerate.framework/Versions/A/Frameworks/vecLib.framework/Versions/A/libSparseBLAS.dylib
0x000000005f3e0000 	/System/Library/Frameworks/ApplicationServices.framework/Versions/A/Frameworks/ATS.framework/Versions/A/Resources/libFontParser.dylib
0x000000005f3e0000 	/System/Library/Frameworks/ApplicationServices.framework/Versions/A/Frameworks/ATS.framework/Versions/A/Resources/libFontRegistry.dylib
0x000000005f3e0000 	/System/Library/Frameworks/ImageIO.framework/Versions/A/Resources/libJPEG.dylib
0x000000005f3e0000 	/System/Library/Frameworks/ImageIO.framework/Versions/A/Resources/libTIFF.dylib
0x000000005f3e0000 	/System/Library/Frameworks/ImageIO.framework/Versions/A/Resources/libPng.dylib
0x000000005f3e0000 	/System/Library/Frameworks/ImageIO.framework/Versions/A/Resources/libGIF.dylib
0x000000005f3e0000 	/System/Library/Frameworks/ImageIO.framework/Versions/A/Resources/libJP2.dylib
0x000000005f3e0000 	/System/Library/Frameworks/ImageIO.framework/Versions/A/Resources/libRadiance.dylib
0x000000005f3e0000 	/usr/lib/libcompression.dylib
0x000000005f3e0000 	/System/Library/PrivateFrameworks/AppleJPEG.framework/Versions/A/AppleJPEG
0x000000005f3e0000 	/usr/lib/libcups.2.dylib
0x000000005f3e0000 	/System/Library/Frameworks/Kerberos.framework/Versions/A/Kerberos
0x000000005f3e0000 	/System/Library/Frameworks/GSS.framework/Versions/A/GSS
0x000000005f3e0000 	/usr/lib/libresolv.9.dylib
0x000000005f3e0000 	/usr/lib/libiconv.2.dylib
0x000000005f3e0000 	/System/Library/PrivateFrameworks/Heimdal.framework/Versions/A/Heimdal
0x000000005f3e0000 	/usr/lib/libheimdal-asn1.dylib
0x000000005f3e0000 	/System/Library/Frameworks/OpenDirectory.framework/Versions/A/OpenDirectory
0x000000005f3e0000 	/System/Library/PrivateFrameworks/CommonAuth.framework/Versions/A/CommonAuth
0x000000005f3e0000 	/System/Library/Frameworks/OpenDirectory.framework/Versions/A/Frameworks/CFOpenDirectory.framework/Versions/A/CFOpenDirectory
0x000000005f3e0000 	/System/Library/Frameworks/SecurityFoundation.framework/Versions/A/SecurityFoundation
0x000000005f3e0000 	/System/Library/PrivateFrameworks/LanguageModeling.framework/Versions/A/LanguageModeling
0x000000005f3e0000 	/usr/lib/libmarisa.dylib
0x000000005f3e0000 	/usr/lib/libChineseTokenizer.dylib
0x000000005f3e0000 	/usr/lib/libcmph.dylib
0x000000005f3e0000 	/System/Library/PrivateFrameworks/CoreEmoji.framework/Versions/A/CoreEmoji
0x000000005f3e0000 	/System/Library/Frameworks/ServiceManagement.framework/Versions/A/ServiceManagement
0x000000005f3e0000 	/usr/lib/libxslt.1.dylib
0x000000005f3e0000 	/System/Library/Frameworks/Carbon.framework/Versions/A/Frameworks/Ink.framework/Versions/A/Ink
0x000000005f3e0000 	/System/Library/PrivateFrameworks/TextureIO.framework/Versions/A/TextureIO
0x000000005f3e0000 	/System/Library/Frameworks/Metal.framework/Versions/A/Metal
0x000000005f3e0000 	/usr/lib/libate.dylib
0x000000005f3e0000 	/System/Library/PrivateFrameworks/GPUCompiler.framework/libmetal_timestamp.dylib
0x000000005f3e0000 	/System/Library/Frameworks/OpenGL.framework/Versions/A/Libraries/libCoreFSCache.dylib
0x000000005f3e0000 	/System/Library/PrivateFrameworks/IOAccelerator.framework/Versions/A/IOAccelerator
0x000000005f3e0000 	/System/Library/Frameworks/CoreVideo.framework/Versions/A/CoreVideo
0x000000005f3e0000 	/usr/lib/libFosl_dynamic.dylib
0x000000005f3e0000 	/System/Library/PrivateFrameworks/MetalPerformanceShaders.framework/Versions/A/MetalPerformanceShaders
0x000000005f3e0000 	/System/Library/PrivateFrameworks/FaceCore.framework/Versions/A/FaceCore
0x000000005f3e0000 	/System/Library/Frameworks/OpenCL.framework/Versions/A/OpenCL
0x000000005f3e0000 	/System/Library/Frameworks/OpenGL.framework/Versions/A/Libraries/libGLU.dylib
0x000000005f3e0000 	/System/Library/Frameworks/OpenGL.framework/Versions/A/Libraries/libGFXShared.dylib
0x000000005f3e0000 	/System/Library/Frameworks/OpenGL.framework/Versions/A/Libraries/libGL.dylib
0x000000005f3e0000 	/System/Library/Frameworks/OpenGL.framework/Versions/A/Libraries/libGLImage.dylib
0x000000005f3e0000 	/System/Library/Frameworks/OpenGL.framework/Versions/A/Libraries/libCVMSPluginSupport.dylib
0x000000005f3e0000 	/System/Library/Frameworks/OpenGL.framework/Versions/A/Libraries/libCoreVMClient.dylib
0x000000005f3e0000 	/System/Library/PrivateFrameworks/CrashReporterSupport.framework/Versions/A/CrashReporterSupport
0x000000005f3e0000 	/System/Library/PrivateFrameworks/Sharing.framework/Versions/A/Sharing
0x000000005f3e0000 	/System/Library/PrivateFrameworks/IconServices.framework/Versions/A/IconServices
0x000000005f3e0000 	/System/Library/PrivateFrameworks/ProtocolBuffer.framework/Versions/A/ProtocolBuffer
0x000000005f3e0000 	/System/Library/PrivateFrameworks/Apple80211.framework/Versions/A/Apple80211
0x000000005f3e0000 	/System/Library/Frameworks/CoreWLAN.framework/Versions/A/CoreWLAN
0x000000005f3e0000 	/System/Library/PrivateFrameworks/CoreUtils.framework/Versions/A/CoreUtils
0x000000005f3e0000 	/System/Library/Frameworks/IOBluetooth.framework/Versions/A/IOBluetooth
0x000000005f3e0000 	/System/Library/PrivateFrameworks/CoreWiFi.framework/Versions/A/CoreWiFi
0x000000005f3e0000 	/System/Library/Frameworks/CoreBluetooth.framework/Versions/A/CoreBluetooth
0x000000005f3e0000 	/System/Library/Frameworks/CoreDisplay.framework/Versions/A/CoreDisplay
0x000000005f3e0000 	/System/Library/PrivateFrameworks/IOPresentment.framework/Versions/A/IOPresentment
0x000000005f3e0000 	/System/Library/PrivateFrameworks/DebugSymbols.framework/Versions/A/DebugSymbols
0x000000005f3e0000 	/System/Library/PrivateFrameworks/CoreSymbolication.framework/Versions/A/CoreSymbolication
0x000000005f3e0000 	/System/Library/PrivateFrameworks/Symbolication.framework/Versions/A/Symbolication
0x000000005f3e0000 	/System/Library/PrivateFrameworks/AppleFSCompression.framework/Versions/A/AppleFSCompression
0x000000005f3e0000 	/System/Library/PrivateFrameworks/SpeechRecognitionCore.framework/Versions/A/SpeechRecognitionCore
0x000000005f3e0000 	/System/Library/PrivateFrameworks/ChunkingLibrary.framework/Versions/A/ChunkingLibrary
0x000000010b600000 	/Library/Java/JavaVirtualMachines/jdk1.7.0_79.jdk/Contents/Home/jre/lib/server/libjvm.dylib
0x000000005f3e0000 	/usr/lib/libstdc++.6.dylib
0x000000010adc2000 	/Library/Java/JavaVirtualMachines/jdk1.7.0_79.jdk/Contents/Home/jre/lib/libverify.dylib
0x000000010adcf000 	/Library/Java/JavaVirtualMachines/jdk1.7.0_79.jdk/Contents/Home/jre/lib/libjava.dylib
0x000000010c063000 	/Library/Java/JavaVirtualMachines/jdk1.7.0_79.jdk/Contents/Home/jre/lib/libjdwp.dylib
0x000000010c0a0000 	/Library/Java/JavaVirtualMachines/jdk1.7.0_79.jdk/Contents/Home/jre/lib/libnpt.dylib
0x000000010c0ad000 	/Library/Java/JavaVirtualMachines/jdk1.7.0_79.jdk/Contents/Home/jre/lib/libzip.dylib
0x0000000110f82000 	/System/Library/Frameworks/JavaVM.framework/Frameworks/JavaRuntimeSupport.framework/JavaRuntimeSupport
0x0000000110f9c000 	/System/Library/Frameworks/JavaVM.framework/Versions/A/Frameworks/JavaNativeFoundation.framework/Versions/A/JavaNativeFoundation
0x0000000110fb1000 	/System/Library/Frameworks/JavaVM.framework/Versions/A/JavaVM
0x000000005f3e0000 	/System/Library/Frameworks/Carbon.framework/Versions/A/Carbon
0x0000000110fbe000 	/System/Library/PrivateFrameworks/JavaLaunching.framework/Versions/A/JavaLaunching
0x000000005f3e0000 	/System/Library/Frameworks/Carbon.framework/Versions/A/Frameworks/CommonPanels.framework/Versions/A/CommonPanels
0x000000005f3e0000 	/System/Library/Frameworks/Carbon.framework/Versions/A/Frameworks/Help.framework/Versions/A/Help
0x000000005f3e0000 	/System/Library/Frameworks/Carbon.framework/Versions/A/Frameworks/ImageCapture.framework/Versions/A/ImageCapture
0x000000005f3e0000 	/System/Library/Frameworks/Carbon.framework/Versions/A/Frameworks/OpenScripting.framework/Versions/A/OpenScripting
0x000000005f3e0000 	/System/Library/Frameworks/Carbon.framework/Versions/A/Frameworks/Print.framework/Versions/A/Print
0x000000005f3e0000 	/System/Library/Frameworks/Carbon.framework/Versions/A/Frameworks/SecurityHI.framework/Versions/A/SecurityHI
0x00000001128ca000 	/Library/Java/JavaVirtualMachines/jdk1.7.0_79.jdk/Contents/Home/jre/lib/libdt_socket.dylib
0x00000001128ee000 	/Library/Java/JavaVirtualMachines/jdk1.7.0_79.jdk/Contents/Home/jre/lib/libnet.dylib
0x000000011294c000 	/Library/Java/JavaVirtualMachines/jdk1.7.0_79.jdk/Contents/Home/jre/lib/libnio.dylib

VM Arguments:
jvm_args: -agentlib:jdwp=transport=dt_socket,suspend=y,address=localhost:56767 -Dfile.encoding=UTF-8 
java_command: at.ac.c3pro.chormodel.generation.Controller
Launcher Type: SUN_STANDARD

Environment Variables:
PATH=/usr/bin:/bin:/usr/sbin:/sbin
SHELL=/bin/bash
DISPLAY=/private/tmp/com.apple.launchd.ufRy3ZCuMV/org.macosforge.xquartz:0

Signal Handlers:
SIGSEGV: [libjvm.dylib+0x52daf1], sa_mask[0]=0xfffefeff, sa_flags=0x00000043
SIGBUS: [libjvm.dylib+0x52daf1], sa_mask[0]=0xfffefeff, sa_flags=0x00000042
SIGFPE: [libjvm.dylib+0x41f34e], sa_mask[0]=0xfffefeff, sa_flags=0x00000042
SIGPIPE: [libjvm.dylib+0x41f34e], sa_mask[0]=0xfffefeff, sa_flags=0x00000042
SIGXFSZ: [libjvm.dylib+0x41f34e], sa_mask[0]=0xfffefeff, sa_flags=0x00000042
SIGILL: [libjvm.dylib+0x41f34e], sa_mask[0]=0xfffefeff, sa_flags=0x00000042
SIGUSR1: SIG_DFL, sa_mask[0]=0x00000000, sa_flags=0x00000000
SIGUSR2: [libjvm.dylib+0x41ee40], sa_mask[0]=0x00000004, sa_flags=0x00000042
SIGHUP: [libjvm.dylib+0x41d0d1], sa_mask[0]=0xfffefeff, sa_flags=0x00000042
SIGINT: [libjvm.dylib+0x41d0d1], sa_mask[0]=0xfffefeff, sa_flags=0x00000042
SIGTERM: [libjvm.dylib+0x41d0d1], sa_mask[0]=0xfffefeff, sa_flags=0x00000042
SIGQUIT: [libjvm.dylib+0x41d0d1], sa_mask[0]=0xfffefeff, sa_flags=0x00000042


---------------  S Y S T E M  ---------------

OS:Bsduname:Darwin 16.3.0 Darwin Kernel Version 16.3.0: Thu Nov 17 20:23:58 PST 2016; root:xnu-3789.31.2~1/RELEASE_X86_64 x86_64
rlimit: STACK 8192k, CORE 0k, NPROC 709, NOFILE 10240, AS infinity
load average:2.77 2.42 3.09

CPU:total 4 (2 cores per cpu, 2 threads per core) family 6 model 58 stepping 9, cmov, cx8, fxsr, mmx, sse, sse2, sse3, ssse3, sse4.1, sse4.2, popcnt, avx, aes, erms, ht, tsc, tscinvbit, tscinv

Memory: 4k page, physical 8388608k(2097152k free)

/proc/meminfo:


vm_info: Java HotSpot(TM) 64-Bit Server VM (24.79-b02) for bsd-amd64 JRE (1.7.0_79-b15), built on Apr 10 2015 11:35:04 by "java_re" with gcc 4.2.1 (Based on Apple Inc. build 5658) (LLVM build 2336.11.00)

time: Thu Mar 16 09:06:16 2017
elapsed time: 55 seconds

